  sp.c
c:\users\ishchorry\desktop\school\year4\semesterb\archlab\hw2\acal\acal_lab5\acal_lab5\sp.c(4): fatal error C1083: Cannot open include file: 'unistd.h': No such file or directory
  llsim.c
c:\users\ishchorry\desktop\school\year4\semesterb\archlab\hw2\acal\acal_lab5\acal_lab5\llsim.h(10): error C2010: '.': unexpected in macro formal parameter list
c:\users\ishchorry\desktop\school\year4\semesterb\archlab\hw2\acal\acal_lab5\acal_lab5\llsim.h(21): error C2010: '.': unexpected in macro formal parameter list
c:\users\ishchorry\desktop\school\year4\semesterb\archlab\hw2\acal\acal_lab5\acal_lab5\llsim.c(31): error C4996: 'strcpy': This function or variable may be unsafe. Consider using strcpy_s instead. To disable deprecation, use _CRT_SECURE_NO_WARNINGS. See online help for details.
  c:\program files (x86)\windows kits\10\include\10.0.10240.0\ucrt\string.h(119): note: see declaration of 'strcpy'
c:\users\ishchorry\desktop\school\year4\semesterb\archlab\hw2\acal\acal_lab5\acal_lab5\llsim.c(58): error C4996: 'strcpy': This function or variable may be unsafe. Consider using strcpy_s instead. To disable deprecation, use _CRT_SECURE_NO_WARNINGS. See online help for details.
  c:\program files (x86)\windows kits\10\include\10.0.10240.0\ucrt\string.h(119): note: see declaration of 'strcpy'
c:\users\ishchorry\desktop\school\year4\semesterb\archlab\hw2\acal\acal_lab5\acal_lab5\llsim.c(77): error C4996: 'strcpy': This function or variable may be unsafe. Consider using strcpy_s instead. To disable deprecation, use _CRT_SECURE_NO_WARNINGS. See online help for details.
  c:\program files (x86)\windows kits\10\include\10.0.10240.0\ucrt\string.h(119): note: see declaration of 'strcpy'
c:\users\ishchorry\desktop\school\year4\semesterb\archlab\hw2\acal\acal_lab5\acal_lab5\llsim.c(79): error C4996: 'strcpy': This function or variable may be unsafe. Consider using strcpy_s instead. To disable deprecation, use _CRT_SECURE_NO_WARNINGS. See online help for details.
  c:\program files (x86)\windows kits\10\include\10.0.10240.0\ucrt\string.h(119): note: see declaration of 'strcpy'
c:\users\ishchorry\desktop\school\year4\semesterb\archlab\hw2\acal\acal_lab5\acal_lab5\llsim.c(110): error C4996: 'strcpy': This function or variable may be unsafe. Consider using strcpy_s instead. To disable deprecation, use _CRT_SECURE_NO_WARNINGS. See online help for details.
  c:\program files (x86)\windows kits\10\include\10.0.10240.0\ucrt\string.h(119): note: see declaration of 'strcpy'
c:\users\ishchorry\desktop\school\year4\semesterb\archlab\hw2\acal\acal_lab5\acal_lab5\llsim.c(112): error C4996: 'strcpy': This function or variable may be unsafe. Consider using strcpy_s instead. To disable deprecation, use _CRT_SECURE_NO_WARNINGS. See online help for details.
  c:\program files (x86)\windows kits\10\include\10.0.10240.0\ucrt\string.h(119): note: see declaration of 'strcpy'
c:\users\ishchorry\desktop\school\year4\semesterb\archlab\hw2\acal\acal_lab5\acal_lab5\llsim.c(137): error C4996: 'strcpy': This function or variable may be unsafe. Consider using strcpy_s instead. To disable deprecation, use _CRT_SECURE_NO_WARNINGS. See online help for details.
  c:\program files (x86)\windows kits\10\include\10.0.10240.0\ucrt\string.h(119): note: see declaration of 'strcpy'
c:\users\ishchorry\desktop\school\year4\semesterb\archlab\hw2\acal\acal_lab5\acal_lab5\llsim.c(139): error C4996: 'strcpy': This function or variable may be unsafe. Consider using strcpy_s instead. To disable deprecation, use _CRT_SECURE_NO_WARNINGS. See online help for details.
  c:\program files (x86)\windows kits\10\include\10.0.10240.0\ucrt\string.h(119): note: see declaration of 'strcpy'
c:\users\ishchorry\desktop\school\year4\semesterb\archlab\hw2\acal\acal_lab5\acal_lab5\llsim.c(187): error C4996: 'strcpy': This function or variable may be unsafe. Consider using strcpy_s instead. To disable deprecation, use _CRT_SECURE_NO_WARNINGS. See online help for details.
  c:\program files (x86)\windows kits\10\include\10.0.10240.0\ucrt\string.h(119): note: see declaration of 'strcpy'
  Generating Code...
